CopyQ Warning [2024-02-12 15:15:42.236] <Server-848>: [default] QtWarning: QSystemTrayIcon::setVisible: No Icon set
CopyQ Warning [2024-02-12 15:16:23.760] <Server-28136>: CopyQ server is already running.
CopyQ Warning [2024-02-12 15:19:05.533] <Server-848>: [qt.qpa.fonts] QtWarning: Unable to enumerate family ' "Font Awesome 6 Free Solid (CopyQ)" '
CopyQ Warning [2024-02-12 15:20:42.788] <Server-25500>: CopyQ server is already running.
CopyQ Warning [2024-02-12 15:21:00.330] <Server-28060>: CopyQ server is already running.
CopyQ Warning [2024-02-12 15:22:24.718] <Server-848>: [default] QtWarning: QString::contains: invalid QRegularExpression object
CopyQ Warning [2024-02-12 15:22:24.734] <Server-848>: [default] QtWarning: QString::contains: invalid QRegularExpression object
CopyQ Warning [2024-02-12 15:22:24.734] <Server-848>: [default] QtWarning: QString::contains: invalid QRegularExpression object
CopyQ Warning [2024-03-30 20:33:21.560] <Server-3676>: [default] QtWarning: QSystemTrayIcon::setVisible: No Icon set
CopyQ Warning [2024-03-30 20:33:38.856] <Server-24448>: CopyQ server is already running.
CopyQ Warning [2024-03-30 20:57:28.329] <monitorClipboard-24252>: [qt.qpa.mime] QtWarning: Retrying to obtain clipboard.
CopyQ Note [2024-03-30 21:05:20.922] <Server-3676>: Command “copyq onExit”
CopyQ Note [2024-03-30 21:05:20.922] <Server-3676>:    Error: Process crashed
CopyQ Note [2024-03-30 21:05:20.922] <Server-3676>:    1. copyq onExit
CopyQ Warning [2024-03-30 21:08:27.543] <Server-15100>: [default] QtWarning: QSystemTrayIcon::setVisible: No Icon set
CopyQ Note [2024-03-30 21:08:31.317] <Server-15100>: Hiding secret clipboard data
CopyQ Warning [2024-03-30 21:09:29.785] <monitorClipboard-18656>: [qt.qpa.mime] QtWarning: Retrying to obtain clipboard.
CopyQ Warning [2024-03-30 21:09:30.267] <monitorClipboard-18656>: [qt.qpa.mime] QtWarning: Retrying to obtain clipboard.
CopyQ Warning [2024-03-30 21:11:14.362] <monitorClipboard-18656>: [qt.qpa.mime] QtWarning: Retrying to obtain clipboard.
CopyQ Warning [2024-03-30 21:11:50.627] <Server-7112>: [default] QtWarning: QSystemTrayIcon::setVisible: No Icon set
CopyQ Note [2024-03-30 21:11:57.126] <monitorClipboard-5860>: Hiding secret clipboard data
CopyQ Note [2024-03-30 21:12:01.434] <Server-7112>: Hiding secret clipboard data
CopyQ Warning [2024-03-30 21:12:02.734] <monitorClipboard-5860>: [qt.qpa.mime] QtWarning: Retrying to obtain clipboard.
CopyQ Warning [2024-03-30 21:17:43.005] <Server-19676>: [default] QtWarning: QSystemTrayIcon::setVisible: No Icon set
CopyQ Warning [2024-03-30 21:19:42.386] <monitorClipboard-12432>: [qt.qpa.mime] QtWarning: Retrying to obtain clipboard.
CopyQ Warning [2024-03-30 21:25:08.147] <Server-5584>: CopyQ server is already running.
CopyQ Warning [2024-03-30 21:47:18.706] <Server-19676>: [default] QtWarning: QWindowsWindow::setGeometry: Unable to set geometry 806x526+840+434 (frame: 824x573+831+396) on QWidgetWindow/"MainWindowWindow" on "\\.\DISPLAY1". Resulting geometry: 806x526+330+375 (frame: 824x573+321+337) margins: 9, 38, 9, 9 minimum size: 98x101 MINMAXINFO(maxSize=POINT(x=0, y=0), maxpos=POINT(x=0, y=0), maxtrack=POINT(x=0, y=0), mintrack=POINT(x=141, y=173)))
CopyQ Warning [2024-03-30 22:07:31.413] <Server-2688>: [default] QtWarning: QSystemTrayIcon::setVisible: No Icon set
CopyQ Note [2024-03-30 22:25:31.666] <monitorClipboard-3628>: Hiding secret clipboard data
CopyQ Note [2024-03-30 22:25:31.845] <Server-2688>: Hiding secret clipboard data
CopyQ Note [2024-03-30 22:25:36.877] <monitorClipboard-3628>: Hiding secret clipboard data
CopyQ Note [2024-03-30 22:33:01.282] <monitorClipboard-3628>: Hiding secret clipboard data
CopyQ Warning [2024-03-30 22:37:10.606] <monitorClipboard-3628>: [qt.qpa.mime] QtWarning: Retrying to obtain clipboard.
CopyQ Warning [2024-03-30 22:37:13.400] <monitorClipboard-3628>: [qt.qpa.mime] QtWarning: Retrying to obtain clipboard.
CopyQ Warning [2024-03-30 22:57:45.962] <Client-4492>: Command "Render Markdown": Finished in 648685 ms
CopyQ Note [2024-03-30 22:57:46.249] <Server-2688>: Markdown Error: Error: Evaluation aborted
CopyQ Warning [2024-03-30 22:57:46.485] <Server-2688>: [kf.notifications] QtWarning: Couldn't find the notification in m_notifications. Nothing to close.
CopyQ Warning [2024-03-30 22:58:45.728] <Server-2688>: [kf.notifications] QtWarning: Couldn't find the notification in m_notifications. Nothing to close.
CopyQ Warning [2024-03-30 22:59:28.518] <Server-2688>: [kf.notifications] QtWarning: Couldn't find the notification in m_notifications. Nothing to close.
CopyQ Warning [2024-03-30 23:00:38.992] <Server-2688>: [kf.notifications] QtWarning: Couldn't find the notification in m_notifications. Nothing to close.
CopyQ Note [2024-03-30 23:01:53.520] <monitorClipboard-2984>: Hiding secret clipboard data
CopyQ Note [2024-03-30 23:02:08.619] <monitorClipboard-2984>: Hiding secret clipboard data
CopyQ Warning [2024-03-30 23:05:07.187] <Server-24108>: [default] QtWarning: QSystemTrayIcon::setVisible: No Icon set
CopyQ Warning [2024-03-30 23:12:57.063] <Server-20064>: [default] QtWarning: QSystemTrayIcon::setVisible: No Icon set
CopyQ Warning [2024-03-30 23:16:51.386] <Server-2208>: [default] QtWarning: QSystemTrayIcon::setVisible: No Icon set
CopyQ Note [2024-03-30 23:19:54.783] <monitorClipboard-22180>: Hiding secret clipboard data
CopyQ Note [2024-03-30 23:20:35.242] <monitorClipboard-22180>: Hiding secret clipboard data
CopyQ Note [2024-03-30 23:24:07.478] <monitorClipboard-22180>: Hiding secret clipboard data
CopyQ Warning [2024-03-30 23:29:47.357] <Server-5368>: [default] QtWarning: QSystemTrayIcon::setVisible: No Icon set
CopyQ Warning [2024-03-31 10:05:59.143] <Server-5764>: [default] QtWarning: QSystemTrayIcon::setVisible: No Icon set
CopyQ Note [2024-03-31 10:06:38.741] <monitorClipboard-10740>: Hiding secret clipboard data
CopyQ Note [2024-03-31 10:07:17.432] <monitorClipboard-10740>: Hiding secret clipboard data
CopyQ Warning [2024-03-31 10:08:13.301] <Server-16992>: CopyQ server is already running.
CopyQ Warning [2024-03-31 10:08:42.109] <Server-21096>: [default] QtWarning: QSystemTrayIcon::setVisible: No Icon set
CopyQ Note [2024-03-31 10:18:34.581] <monitorClipboard-21540>: Hiding secret clipboard data
CopyQ Note [2024-03-31 10:22:46.644] <monitorClipboard-21540>: Hiding secret clipboard data
CopyQ Warning [2024-03-31 10:43:32.006] <monitorClipboard-21028>: ELAPSED 606 ms accessing [data:text/plain]
CopyQ Warning [2024-03-31 10:43:32.017] <monitorClipboard-21028>: ELAPSED 617 ms accessing [UTF8:text/plain]
CopyQ Note [2024-03-31 10:44:33.634] <monitorClipboard-17620>: Hiding secret clipboard data
CopyQ Note [2024-03-31 10:44:41.608] <monitorClipboard-17620>: Hiding secret clipboard data
CopyQ Note [2024-03-31 10:45:03.953] <monitorClipboard-17620>: Hiding secret clipboard data
CopyQ Note [2024-03-31 10:45:08.980] <monitorClipboard-17620>: Hiding secret clipboard data
CopyQ Note [2024-03-31 10:45:13.873] <monitorClipboard-17620>: Hiding secret clipboard data
CopyQ Note [2024-03-31 10:45:20.047] <monitorClipboard-17620>: Hiding secret clipboard data
CopyQ Note [2024-03-31 10:45:30.314] <monitorClipboard-17620>: Hiding secret clipboard data
CopyQ Note [2024-03-31 10:45:43.462] <monitorClipboard-17620>: Hiding secret clipboard data
CopyQ Note [2024-03-31 10:45:46.419] <monitorClipboard-17620>: Hiding secret clipboard data
CopyQ Note [2024-03-31 10:49:59.838] <monitorClipboard-7600>: Hiding secret clipboard data
CopyQ Note [2024-03-31 10:50:11.453] <monitorClipboard-7600>: Hiding secret clipboard data
CopyQ Note [2024-03-31 10:50:14.078] <monitorClipboard-7600>: Hiding secret clipboard data
CopyQ Note [2024-03-31 10:50:16.723] <monitorClipboard-7600>: Hiding secret clipboard data
CopyQ Warning [2024-03-31 10:51:43.285] <Server-23572>: CopyQ server is already running.
CopyQ Note [2024-03-31 10:52:00.670] <monitorClipboard-7600>: Hiding secret clipboard data
CopyQ Warning [2024-03-31 10:54:47.535] <Server-21096>: [default] QtWarning: QWindowsWindow::setMouseGrabEnabled: Not setting mouse grab for invisible window QWidgetWindow/'QMenuClassWindow'
CopyQ Warning [2024-03-31 10:55:58.106] <Server-26700>: [default] QtWarning: QSystemTrayIcon::setVisible: No Icon set
CopyQ Note [2024-03-31 10:56:49.210] <monitorClipboard-18972>: Hiding secret clipboard data
CopyQ Warning [2024-03-31 10:57:38.885] <monitorClipboard-18972>: [qt.qpa.mime] QtWarning: Retrying to obtain clipboard.
CopyQ Warning [2024-03-31 11:00:56.319] <Server-26700>: Invalid regular expression in option "paste_with_ctrl_v_windows": quantifier does not follow a repeatable item
CopyQ Warning [2024-03-31 11:01:00.288] <Server-26700>: Invalid regular expression in option "paste_with_ctrl_v_windows": quantifier does not follow a repeatable item
CopyQ Warning [2024-03-31 11:01:02.574] <Server-26700>: Invalid regular expression in option "paste_with_ctrl_v_windows": quantifier does not follow a repeatable item
CopyQ Warning [2024-03-31 11:01:40.333] <Server-11384>: [default] QtWarning: QSystemTrayIcon::setVisible: No Icon set
CopyQ Warning [2024-03-31 11:01:48.626] <Server-11384>: Invalid regular expression in option "paste_with_ctrl_v_windows": quantifier does not follow a repeatable item
CopyQ Warning [2024-03-31 11:01:50.962] <Server-11384>: Invalid regular expression in option "paste_with_ctrl_v_windows": quantifier does not follow a repeatable item
